<?xml version="1.0" encoding="UTF-8"?>
<testsuites>
  <testsuite name="" tests="11" assertions="28" errors="0" warnings="0" failures="0" skipped="0" time="0.435095">
    <testsuite name="Implicit Figurescommonmark-php Test Suite" tests="11" assertions="28" errors="0" warnings="0" failures="0" skipped="0" time="0.435095">
      <testsuite name="DoW\CommonMark\Tests\Functional\ImplicitFiguresTest" file="/Volumes/ddflo/Development/dow/phpleague-commonmark-implicit-figures/tests/functional/ImplicitFiguresTest.php" tests="1" assertions="1" errors="0" warnings="0" failures="0" skipped="0" time="0.380425">
        <testcase name="testNotLinkableFigure" class="DoW\CommonMark\Tests\Functional\ImplicitFiguresTest" classname="DoW.CommonMark.Tests.Functional.ImplicitFiguresTest" file="/Volumes/ddflo/Development/dow/phpleague-commonmark-implicit-figures/tests/functional/ImplicitFiguresTest.php" line="12" assertions="1" time="0.380425"/>
      </testsuite>
      <testsuite name="DoW\CommonMark\Tests\Unit\Block\Renderer\ImplicitFiguresRendererTest" file="/Volumes/ddflo/Development/dow/phpleague-commonmark-implicit-figures/tests/unit/Block/Renderer/ImplicitFiguresRendererTest.php" tests="8" assertions="22" errors="0" warnings="0" failures="0" skipped="0" time="0.053169">
        <testsuite name="DoW\CommonMark\Tests\Unit\Block\Renderer\ImplicitFiguresRendererTest::testRenderImplicitFigures" tests="7" assertions="21" errors="0" warnings="0" failures="0" skipped="0" time="0.017609">
          <testcase name="testRenderImplicitFigures with data set #0" class="DoW\CommonMark\Tests\Unit\Block\Renderer\ImplicitFiguresRendererTest" classname="DoW.CommonMark.Tests.Unit.Block.Renderer.ImplicitFiguresRendererTest" file="/Volumes/ddflo/Development/dow/phpleague-commonmark-implicit-figures/tests/unit/Block/Renderer/ImplicitFiguresRendererTest.php" line="41" assertions="3" time="0.003475"/>
          <testcase name="testRenderImplicitFigures with data set #1" class="DoW\CommonMark\Tests\Unit\Block\Renderer\ImplicitFiguresRendererTest" classname="DoW.CommonMark.Tests.Unit.Block.Renderer.ImplicitFiguresRendererTest" file="/Volumes/ddflo/Development/dow/phpleague-commonmark-implicit-figures/tests/unit/Block/Renderer/ImplicitFiguresRendererTest.php" line="41" assertions="3" time="0.002194"/>
          <testcase name="testRenderImplicitFigures with data set #2" class="DoW\CommonMark\Tests\Unit\Block\Renderer\ImplicitFiguresRendererTest" classname="DoW.CommonMark.Tests.Unit.Block.Renderer.ImplicitFiguresRendererTest" file="/Volumes/ddflo/Development/dow/phpleague-commonmark-implicit-figures/tests/unit/Block/Renderer/ImplicitFiguresRendererTest.php" line="41" assertions="3" time="0.002194"/>
          <testcase name="testRenderImplicitFigures with data set #3" class="DoW\CommonMark\Tests\Unit\Block\Renderer\ImplicitFiguresRendererTest" classname="DoW.CommonMark.Tests.Unit.Block.Renderer.ImplicitFiguresRendererTest" file="/Volumes/ddflo/Development/dow/phpleague-commonmark-implicit-figures/tests/unit/Block/Renderer/ImplicitFiguresRendererTest.php" line="41" assertions="3" time="0.002461"/>
          <testcase name="testRenderImplicitFigures with data set #4" class="DoW\CommonMark\Tests\Unit\Block\Renderer\ImplicitFiguresRendererTest" classname="DoW.CommonMark.Tests.Unit.Block.Renderer.ImplicitFiguresRendererTest" file="/Volumes/ddflo/Development/dow/phpleague-commonmark-implicit-figures/tests/unit/Block/Renderer/ImplicitFiguresRendererTest.php" line="41" assertions="3" time="0.002343"/>
          <testcase name="testRenderImplicitFigures with data set #5" class="DoW\CommonMark\Tests\Unit\Block\Renderer\ImplicitFiguresRendererTest" classname="DoW.CommonMark.Tests.Unit.Block.Renderer.ImplicitFiguresRendererTest" file="/Volumes/ddflo/Development/dow/phpleague-commonmark-implicit-figures/tests/unit/Block/Renderer/ImplicitFiguresRendererTest.php" line="41" assertions="3" time="0.002154"/>
          <testcase name="testRenderImplicitFigures with data set #6" class="DoW\CommonMark\Tests\Unit\Block\Renderer\ImplicitFiguresRendererTest" classname="DoW.CommonMark.Tests.Unit.Block.Renderer.ImplicitFiguresRendererTest" file="/Volumes/ddflo/Development/dow/phpleague-commonmark-implicit-figures/tests/unit/Block/Renderer/ImplicitFiguresRendererTest.php" line="41" assertions="3" time="0.002787"/>
        </testsuite>
        <testcase name="testRenderWithInvalidType" class="DoW\CommonMark\Tests\Unit\Block\Renderer\ImplicitFiguresRendererTest" classname="DoW.CommonMark.Tests.Unit.Block.Renderer.ImplicitFiguresRendererTest" file="/Volumes/ddflo/Development/dow/phpleague-commonmark-implicit-figures/tests/unit/Block/Renderer/ImplicitFiguresRendererTest.php" line="79" assertions="1" time="0.035560"/>
      </testsuite>
      <testsuite name="DoW\CommonMark\Tests\Unit\Inline\Renderer\FigCaptionRendererTest" file="/Volumes/ddflo/Development/dow/phpleague-commonmark-implicit-figures/tests/unit/Inline/Renderer/FigCaptionRendererTest.php" tests="2" assertions="5" errors="0" warnings="0" failures="0" skipped="0" time="0.001501">
        <testcase name="testRender" class="DoW\CommonMark\Tests\Unit\Inline\Renderer\FigCaptionRendererTest" classname="DoW.CommonMark.Tests.Unit.Inline.Renderer.FigCaptionRendererTest" file="/Volumes/ddflo/Development/dow/phpleague-commonmark-implicit-figures/tests/unit/Inline/Renderer/FigCaptionRendererTest.php" line="25" assertions="4" time="0.000935"/>
        <testcase name="testRenderWithInvalidType" class="DoW\CommonMark\Tests\Unit\Inline\Renderer\FigCaptionRendererTest" classname="DoW.CommonMark.Tests.Unit.Inline.Renderer.FigCaptionRendererTest" file="/Volumes/ddflo/Development/dow/phpleague-commonmark-implicit-figures/tests/unit/Inline/Renderer/FigCaptionRendererTest.php" line="41" assertions="1" time="0.000567"/>
      </testsuite>
    </testsuite>
  </testsuite>
</testsuites>
